Apr-14 08:10:37.811 [main] DEBUG nextflow.cli.Launcher - $> nextflow run main.nf
Apr-14 08:10:38.014 [main] DEBUG nextflow.cli.CmdRun - N E X T F L O W  ~  version 25.10.4
Apr-14 08:10:38.103 [main] DEBUG nextflow.plugin.PluginsFacade - Setting up plugin manager > mode=prod; embedded=false; plugins-dir=/Users/zacharylongacre/.nextflow/plugins; core-plugins: nf-amazon@3.4.4,nf-azure@1.20.2,nf-cloudcache@0.5.0,nf-codecommit@0.5.0,nf-console@1.3.0,nf-google@1.23.5,nf-k8s@1.2.2,nf-tower@1.17.5,nf-wave@1.16.1
Apr-14 08:10:38.142 [main] INFO  o.pf4j.DefaultPluginStatusProvider - Enabled plugins: []
Apr-14 08:10:38.143 [main] INFO  o.pf4j.DefaultPluginStatusProvider - Disabled plugins: []
Apr-14 08:10:38.146 [main] INFO  org.pf4j.DefaultPluginManager - PF4J version 3.12.0 in 'deployment' mode
Apr-14 08:10:38.184 [main] DEBUG nextflow.util.RetryConfig - Missing nextflow session - using default retry config
Apr-14 08:10:38.425 [main] INFO  org.pf4j.AbstractPluginManager - No plugins
Apr-14 08:10:38.477 [main] DEBUG nextflow.config.ConfigBuilder - Found config local: /Users/zacharylongacre/projects/viral-surveillance-pipeline/nextflow.config
Apr-14 08:10:38.487 [main] DEBUG nextflow.config.ConfigBuilder - Parsing config file: /Users/zacharylongacre/projects/viral-surveillance-pipeline/nextflow.config
Apr-14 08:10:38.624 [main] DEBUG nextflow.config.ConfigBuilder - Applying config profile: `standard`
Apr-14 08:10:39.626 [main] DEBUG nextflow.plugin.PluginsFacade - Plugins default=[]
Apr-14 08:10:39.627 [main] DEBUG nextflow.plugin.PluginsFacade - Plugins resolved requirement=[]
Apr-14 08:10:39.664 [main] DEBUG n.secret.LocalSecretsProvider - Secrets store: /Users/zacharylongacre/.nextflow/secrets/store.json
Apr-14 08:10:39.674 [main] DEBUG nextflow.secret.SecretsLoader - Discovered secrets providers: [nextflow.secret.LocalSecretsProvider@633fd91] - activable => nextflow.secret.LocalSecretsProvider@633fd91
Apr-14 08:10:39.704 [main] DEBUG nextflow.cli.CmdRun - Applied DSL=2 from script declaration
Apr-14 08:10:39.764 [main] DEBUG nextflow.cli.CmdRun - Launching `main.nf` [special_heisenberg] DSL2 - revision: 201911ffaf
Apr-14 08:10:39.902 [main] DEBUG nextflow.Session - Session UUID: b6958079-f2cd-4c2f-aec6-ef2caa0b30d7
Apr-14 08:10:39.903 [main] DEBUG nextflow.Session - Run name: special_heisenberg
Apr-14 08:10:39.903 [main] DEBUG nextflow.Session - Executor pool size: 4
Apr-14 08:10:39.927 [main] DEBUG nextflow.file.FilePorter - File porter settings maxRetries=3; maxTransfers=50; pollTimeout=null
Apr-14 08:10:39.937 [main] DEBUG nextflow.util.ThreadPoolBuilder - Creating thread pool 'FileTransfer' minSize=10; maxSize=12; workQueue=LinkedBlockingQueue[-1]; allowCoreThreadTimeout=false
Apr-14 08:10:40.142 [main] DEBUG nextflow.cli.CmdRun - 
  Version: 25.10.4 build 11173
  Created: 10-02-2026 15:17 UTC (10:17 EDT)
  System: Mac OS X 13.7.8
  Runtime: Groovy 4.0.28 on OpenJDK 64-Bit Server VM 21.0.10+7-LTS
  Encoding: UTF-8 (UTF-8)
  Process: 43027@Zacharys-MBP-2 [192.168.1.169]
  CPUs: 4 - Mem: 16 GB (35.2 MB) - Swap: 2 GB (1 GB)
Apr-14 08:10:40.167 [main] DEBUG nextflow.Session - Work-dir: /Users/zacharylongacre/projects/viral-surveillance-pipeline/work [Mac OS X]
Apr-14 08:10:40.168 [main] DEBUG nextflow.Session - Script base path does not exist or is not a directory: /Users/zacharylongacre/projects/viral-surveillance-pipeline/bin
Apr-14 08:10:40.181 [main] DEBUG nextflow.executor.ExecutorFactory - Extension executors providers=[]
Apr-14 08:10:40.208 [main] DEBUG nextflow.Session - Observer factory (v2): LinObserverFactory
Apr-14 08:10:40.212 [main] DEBUG nextflow.Session - Observer factory (v2): DefaultObserverFactory
Apr-14 08:10:40.293 [main] DEBUG nextflow.cache.CacheFactory - Using Nextflow cache factory: nextflow.cache.DefaultCacheFactory
Apr-14 08:10:40.312 [main] DEBUG nextflow.util.CustomThreadPool - Creating default thread pool > poolSize: 5; maxThreads: 1000
Apr-14 08:10:40.444 [main] DEBUG nextflow.Session - Session start
Apr-14 08:10:41.131 [main] DEBUG nextflow.script.ScriptRunner - > Launching execution
Apr-14 08:10:41.148 [main] INFO  nextflow.Nextflow - 
    VIRAL SURVEILLANCE PIPELINE
    ===========================
    sequences : /Users/zacharylongacre/projects/viral-surveillance-pipeline/data/raw/*.fasta
    outdir    : /Users/zacharylongacre/projects/viral-surveillance-pipeline/data/processed
    threads   : 4
    
Apr-14 08:10:41.445 [main] DEBUG nextflow.executor.ExecutorFactory - << taskConfig executor: local
Apr-14 08:10:41.445 [main] DEBUG nextflow.executor.ExecutorFactory - >> processorType: 'local'
Apr-14 08:10:41.477 [main] DEBUG nextflow.executor.Executor - [warm up] executor > local
Apr-14 08:10:41.488 [main] DEBUG n.processor.LocalPollingMonitor - Creating local task monitor for executor 'local' > cpus=4; memory=16 GB; capacity=4; pollInterval=100ms; dumpInterval=5m
Apr-14 08:10:41.492 [main] DEBUG n.processor.TaskPollingMonitor - >>> barrier register (monitor: local)
Apr-14 08:10:41.533 [main] DEBUG nextflow.processor.TaskProcessor - Creating process 'SEQUENCE_QC': maxForks=0; fair=false; array=0
Apr-14 08:10:41.638 [main] DEBUG nextflow.executor.ExecutorFactory - << taskConfig executor: local
Apr-14 08:10:41.638 [main] DEBUG nextflow.executor.ExecutorFactory - >> processorType: 'local'
Apr-14 08:10:41.640 [main] DEBUG nextflow.processor.TaskProcessor - Creating process 'NEXTCLADE': maxForks=0; fair=false; array=0
Apr-14 08:10:41.645 [main] DEBUG nextflow.Session - Workflow process names [dsl2]: SEQUENCE_QC, PANGOLIN, NEXTCLADE
Apr-14 08:10:41.648 [main] DEBUG nextflow.Session - Igniting dataflow network (3)
Apr-14 08:10:41.662 [main] DEBUG nextflow.processor.TaskProcessor - Starting process > SEQUENCE_QC
Apr-14 08:10:41.664 [main] DEBUG nextflow.processor.TaskProcessor - Starting process > NEXTCLADE
Apr-14 08:10:41.664 [PathVisitor-1] DEBUG nextflow.file.PathVisitor - files for syntax: glob; folder: /Users/zacharylongacre/projects/viral-surveillance-pipeline/data/raw/; pattern: *.fasta; options: [:]
Apr-14 08:10:41.665 [main] DEBUG nextflow.script.ScriptRunner - Parsed script files:
  Script_b1fa53785fceeb05: /Users/zacharylongacre/projects/viral-surveillance-pipeline/main.nf
Apr-14 08:10:41.665 [main] DEBUG nextflow.script.ScriptRunner - > Awaiting termination 
Apr-14 08:10:41.665 [main] DEBUG nextflow.Session - Session await
Apr-14 08:10:42.057 [Task submitter] DEBUG n.executor.local.LocalTaskHandler - Launch cmd line: /bin/bash -ue .command.run
Apr-14 08:10:42.064 [Task submitter] INFO  nextflow.Session - [5e/b9b45b] Submitted process > SEQUENCE_QC (1)
Apr-14 08:10:42.090 [Task submitter] DEBUG n.executor.local.LocalTaskHandler - Launch cmd line: /bin/bash -ue .command.run
Apr-14 08:10:42.092 [Task submitter] INFO  nextflow.Session - [e5/170062] Submitted process > NEXTCLADE (1)
Apr-14 08:10:44.226 [Task monitor] DEBUG n.processor.TaskPollingMonitor - Task completed > TaskHandler[id: 2; name: NEXTCLADE (1); status: COMPLETED; exit: 0; error: -; workDir: /Users/zacharylongacre/projects/viral-surveillance-pipeline/work/e5/1700626ebad0605d0f0edbf3a166a3]
Apr-14 08:10:44.228 [Task monitor] DEBUG nextflow.util.ThreadPoolBuilder - Creating thread pool 'TaskFinalizer' minSize=10; maxSize=12; workQueue=LinkedBlockingQueue[-1]; allowCoreThreadTimeout=false
Apr-14 08:10:44.287 [TaskFinalizer-1] DEBUG nextflow.util.ThreadPoolBuilder - Creating thread pool 'PublishDir' minSize=10; maxSize=12; workQueue=LinkedBlockingQueue[-1]; allowCoreThreadTimeout=false
Apr-14 08:10:52.777 [Task monitor] DEBUG n.processor.TaskPollingMonitor - Task completed > TaskHandler[id: 1; name: SEQUENCE_QC (1); status: COMPLETED; exit: 0; error: -; workDir: /Users/zacharylongacre/projects/viral-surveillance-pipeline/work/5e/b9b45bdbaef411ac4d57489c4e2b3e]
Apr-14 08:10:52.791 [main] DEBUG nextflow.Session - Session await > all processes finished
Apr-14 08:10:52.944 [Task monitor] DEBUG n.processor.TaskPollingMonitor - <<< barrier arrives (monitor: local) - terminating tasks monitor poll loop
Apr-14 08:10:52.945 [main] DEBUG nextflow.Session - Session await > all barriers passed
Apr-14 08:10:52.953 [main] DEBUG nextflow.util.ThreadPoolManager - Thread pool 'TaskFinalizer' shutdown completed (hard=false)
Apr-14 08:10:52.956 [main] DEBUG nextflow.util.ThreadPoolManager - Thread pool 'PublishDir' shutdown completed (hard=false)
Apr-14 08:10:53.070 [main] DEBUG n.trace.WorkflowStatsObserver - Workflow completed > WorkflowStats[succeededCount=2; failedCount=0; ignoredCount=0; cachedCount=0; pendingCount=0; submittedCount=0; runningCount=0; retriesCount=0; abortedCount=0; succeedDuration=25.4s; failedDuration=0ms; cachedDuration=0ms;loadCpus=0; loadMemory=0; peakRunning=2; peakCpus=4; peakMemory=16 GB; ]
Apr-14 08:10:53.191 [main] DEBUG nextflow.cache.CacheDB - Closing CacheDB done
Apr-14 08:10:53.214 [main] DEBUG nextflow.util.ThreadPoolManager - Thread pool 'FileTransfer' shutdown completed (hard=false)
Apr-14 08:10:53.215 [main] DEBUG nextflow.script.ScriptRunner - > Execution complete -- Goodbye
